Arguments: 
  C:\Program Files\nodejs\node.exe C:\Program Files\nodejs\node_modules\yarn\bin\yarn.js

PATH: 
  C:\Python310\Scripts\;C:\Python310\;C:\Windows\system32;C:\Windows;C:\Windows\System32\Wbem;C:\Windows\System32\WindowsPowerShell\v1.0\;C:\Windows\System32\OpenSSH\;C:\Program Files\Git\cmd;C:\Users\ADMIN\AppData\Roaming\nvm;C:\Program Files\Microsoft SQL Server\150\Tools\Binn\;C:\Program Files\7-Zip;C:\Program Files\Microsoft SQL Server\Client SDK\ODBC\170\Tools\Binn\;C:\Program Files\dotnet\;C:\Program Files\Docker\Docker\resources\bin;C:\ProgramData\DockerDesktop\version-bin;C:\ProgramData\chocolatey\bin;%NVM_HOME%;%NVM_SYMLINK%;C:\Users\ADMIN\AppData\Local\Microsoft\WindowsApps;C:\Users\ADMIN\AppData\Local\Programs\Microsoft VS Code\bin;C:\Users\ADMIN\AppData\Local\Programs\mongosh\;F:\saokhuee\flutter\bin;F:\saokhuee\flutter;C:\Users\ADMIN\.dotnet\tools;C:\Users\ADMIN\AppData\Roaming\nvm;C:\Program Files\nodejs

Yarn version: 
  1.22.18

Node version: 
  14.17.0

Platform: 
  win32 x64

Trace: 
  Error: ENOSPC: no space left on device, write

npm manifest: 
  {
    "name": "argon-dashboard-react",
    "version": "1.2.1",
    "description": "React version of Argon Dashboard by Creative Tim",
    "main": "index.js",
    "repository": {
      "type": "git",
      "url": "git+https://github.com/creativetimofficial/argon-dashboard-react.git"
    },
    "keywords": [
      "react",
      "reactjs",
      "argon",
      "argon-react",
      "dashboard",
      "dashboard-react",
      "argon-dashboard",
      "argon-dashboard-react"
    ],
    "author": "Creative Tim",
    "license": "MIT",
    "bugs": {
      "url": "https://github.com/creativetimofficial/argon-dashboard-react/issues"
    },
    "homepage": "https://demos.creative-tim.com/argon-dashboard-react/",
    "scripts": {
      "start": "react-scripts start",
      "build": "react-scripts build",
      "test": "react-scripts test",
      "eject": "react-scripts eject",
      "install:clean": "rm -rf node_modules/ && rm -rf package-lock.json && npm install && npm start",
      "compile:scss": "node-sass --importer node_modules/node-sass-package-importer/dist/cli.js src/assets/scss/argon-dashboard-react.scss src/assets/css/argon-dashboard-react.css",
      "minify:scss": "node-sass --importer node_modules/node-sass-package-importer/dist/cli.js src/assets/scss/argon-dashboard-react.scss src/assets/css/argon-dashboard-react.min.css --output-style compressed",
      "map:scss": "node-sass --importer node_modules/node-sass-package-importer/dist/cli.js src/assets/scss/argon-dashboard-react.scss src/assets/css/argon-dashboard-react.css --source-map true",
      "build:scss": "npm run compile:scss && npm run minify:scss && npm run map:scss"
    },
    "eslintConfig": {
      "extends": "react-app"
    },
    "browserslist": [
      ">0.2%",
      "not dead",
      "not ie <= 11",
      "not op_mini all"
    ],
    "dependencies": {
      "@fortawesome/fontawesome-free": "5.15.3",
      "bootstrap": "4.6.0",
      "chart.js": "2.9.4",
      "classnames": "2.3.1",
      "moment": "2.29.1",
      "node-sass": "6.0.1",
      "node-sass-package-importer": "5.3.2",
      "nouislider": "15.2.0",
      "react": "17.0.2",
      "react-chartjs-2": "2.11.1",
      "react-copy-to-clipboard": "5.0.3",
      "react-datetime": "3.0.4",
      "react-dom": "17.0.2",
      "react-router-dom": "5.2.0",
      "react-scripts": "4.0.3",
      "reactstrap": "8.9.0"
    },
    "devDependencies": {
      "gulp": "4.0.2",
      "gulp-append-prepend": "1.0.9"
    },
    "optionalDependencies": {
      "eslint-plugin-flowtype": "5.8.0",
      "jquery": "3.6.0",
      "typescript": "4.3.5"
    }
  }

yarn manifest: 
  No manifest

Lockfile: 
  No lockfile
